Creating Antenna # 0
Creating Antenna # 1
Creating Antenna # 2
Creating ONU # 0
Creating ONU # 1
Creating Processing Node # 0
Processing Node - id: 0 is creating a Digital_Unit and attaching to LineCard - freq: -1
Processing Node - id: 0 is creating a Digital_Unit and attaching to LineCard - freq: 0
Creating Processing Node # 1
Processing Node - id: 1 is creating a Digital_Unit and attaching to LineCard - freq: -1
Processing Node - id: 1 is creating a Digital_Unit and attaching to LineCard - freq: 0
Creating Splitter
Total nodes: 8
Attaching Antenna - id: 0 to ONU - id: 0 with a distance of 10000
Attaching Antenna - id: 1 to ONU - id: 0 with a distance of 9000
Attaching Antenna - id: 2 to ONU - id: 1 with a distance of 13000
Attaching ONU - id: 0 to Processing Node - id: 0 with a distance of 500
Attaching ONU - id: 1 to Splitter - (n/a) with a distance of 25000
Attaching Processing Node - id: 0 to Splitter - (n/a) with a distance of 23000
Attaching Splitter - (n/a) to Processing Node - id: 1 with a distance of 8000
Setting local nodes to Processing Node - id: 0 ...
Setting local nodes to Processing Node - id: 1 ...
Processing Node - id: 0 is a local node
Begin.
Antenna - id: 2 picked Packet - id: 0, src: 2, init_time: 1 at 1
Antenna - id: 2 delivering Packet - id: 0, src: 2, init_time: 1 to ONU - id: 1 at 1
Antenna - id: 2 delivered at 1.0000433333333334
ONU - id: 1 receveid pkt Packet - id: 0, src: 2, init_time: 1 at 1.0000433333333334
ONU - id: 1 is generating a request at 1.0000433333333334
ONU - id: 1 is sending a request at 1.0000999999999063
ONU - id: 1 finished sending (upstream) pkt at 1.0001833333332397
Splitter - (n/a) receveid pkt Request - id: 0, id_sender: 1, freq: -1, bandwidth: 5000, ack: 0 at 1.0001833333332397
Splitter - (n/a) finished sending pkt Request - id: 0, id_sender: 1, freq: -1, bandwidth: 5000, ack: 0 at 1.0002099999999063
Processing Node - id: 1 receveid pkt Request - id: 0, id_sender: 1, freq: -1, bandwidth: 5000, ack: 0 at 1.0002099999999063
Processing Node - id: 1 is sending Request - id: 0, id_sender: 1, freq: -1, bandwidth: 5000, ack: 0 to LCs at 1.0002999999999063
LineCard - freq: -1 is pushing Request - id: 0, id_sender: 1, freq: -1, bandwidth: 5000, ack: 0 to a DU at 1.0002999999999063
Digital Unit - (n/a) will execute functions at 1.0002999999999063
Digital Unit - (n/a) is using VM DBA Assigner - (n/a) on Request - id: 0, id_sender: 1, freq: -1, bandwidth: 5000, ack: 0 at 1.0002999999999063
DBA Assigner - (n/a) received Request - id: 0, id_sender: 1, freq: -1, bandwidth: 5000, ack: 0 at 1.0002999999999063
DBA Assigner - (n/a): this ONU hasn't a DBA
DBA Assigner - (n/a): Creating DBA
Digital Unit - (n/a) is appending VM DBA IPACT - freq: 0, free_time: 1.0002999999999063
Digital Unit - (n/a) returned Request - id: 0, id_sender: 1, freq: -1, bandwidth: 5000, ack: 0 from execute functions at 1.0002999999999063
Digital Unit - (n/a) is using VM DBA IPACT - freq: 0, free_time: 1.0002999999999063 on Request - id: 0, id_sender: 1, freq: -1, bandwidth: 5000, ack: 0 at 1.0002999999999063
Receiving Request - id: 0, id_sender: 1, freq: -1, bandwidth: 5000, ack: 0 at 1.0002999999999063
DBA IPACT - freq: 0, free_time: 1.0002999999999063 generated Grant - onu: 1, init_time: 1.0005099999999063, size: 5000, freq: 0, ack: 0 at 1.0002999999999063
Processing Node - id: 1 finished sending (downstream) pkt at 1.0003266666665729
Splitter - (n/a) receveid pkt Grant - onu: 1, init_time: 1.0005099999999063, size: 5000, freq: 0, ack: 0 at 1.0003266666665729
Bandwidth available: 0 at 1.0003266666665729
Digital Unit - (n/a) returned None from execute functions at 1.0003266666665729
Processing Node - id: 0 receveid pkt Grant - onu: 1, init_time: 1.0005099999999063, size: 5000, freq: 0, ack: 0 at 1.0004033333332396
Processing Node - id: 0 is not enabled at 1.0004033333332396
Processing Node - id: 0 finished sending (downstream) pkt at 1.0004049999999063
ONU - id: 0 receveid pkt Grant - onu: 1, init_time: 1.0005099999999063, size: 5000, freq: 0, ack: 0 at 1.0004049999999063
ONU - id: 1 receveid pkt Grant - onu: 1, init_time: 1.0005099999999063, size: 5000, freq: 0, ack: 0 at 1.0004099999999063
ONU - id: 1 is going to use a grant at 1.0004999999999062
ONU - id: 1 is going to wait 1.0000000000065512e-05 at 1.0004999999999062
ONU - id: 1 is going to send (upstream) all data permited through grant at 1.0004999999999062
ONU - id: 1 finished sending (upstream) pkt at 1.0005933333332397
Splitter - (n/a) receveid pkt [Packet - id: 0, src: 1, init_time: 1] at 1.0005933333332397
Splitter - (n/a) finished sending pkt [Packet - id: 0, src: 1, init_time: 1] at 1.0006199999999064
Processing Node - id: 1 receveid pkt [Packet - id: 0, src: 1, init_time: 1] at 1.0006199999999064
Processing Node - id: 1 is sending [Packet - id: 0, src: 1, init_time: 1] to LCs at 1.0006999999999062
LineCard - freq: 0 is pushing [Packet - id: 0, src: 1, init_time: 1] to a DU at 1.0006999999999062
Digital Unit - (n/a) will execute functions at 1.0006999999999062
Digital Unit - (n/a) is using VM Foo BB VM - (n/a) on [Packet - id: 0, src: 1, init_time: 1] at 1.0006999999999062
Digital Unit - (n/a) returned None from execute functions at 1.0006999999999062
Antenna - id: 2 picked Packet - id: 1, src: 2, init_time: 2 at 2
Antenna - id: 2 delivering Packet - id: 1, src: 2, init_time: 2 to ONU - id: 1 at 2
Antenna - id: 2 delivered at 2.000043333333333
ONU - id: 1 receveid pkt Packet - id: 1, src: 2, init_time: 2 at 2.000043333333333
ONU - id: 1 is generating a request at 2.000043333333333
ONU - id: 1 is sending a request at 2.0000999999997964
ONU - id: 1 finished sending (upstream) pkt at 2.00018333333313
Splitter - (n/a) receveid pkt Request - id: 1, id_sender: 1, freq: -1, bandwidth: 10000, ack: 0 at 2.00018333333313
Splitter - (n/a) finished sending pkt Request - id: 1, id_sender: 1, freq: -1, bandwidth: 10000, ack: 0 at 2.0002099999997967
Processing Node - id: 1 receveid pkt Request - id: 1, id_sender: 1, freq: -1, bandwidth: 10000, ack: 0 at 2.0002099999997967
Removing ONU 1 from DBA DBA IPACT - freq: 0, free_time: 1.0006199999999064 duo expired time at 2.0002266666665727
Bandwidth available: 5000 at 2.0002266666665727
Processing Node - id: 1 is sending Request - id: 1, id_sender: 1, freq: -1, bandwidth: 10000, ack: 0 to LCs at 2.000299999999797
LineCard - freq: -1 is pushing Request - id: 1, id_sender: 1, freq: -1, bandwidth: 10000, ack: 0 to a DU at 2.000299999999797
Digital Unit - (n/a) will execute functions at 2.000299999999797
Digital Unit - (n/a) is using VM DBA Assigner - (n/a) on Request - id: 1, id_sender: 1, freq: -1, bandwidth: 10000, ack: 0 at 2.000299999999797
DBA Assigner - (n/a) received Request - id: 1, id_sender: 1, freq: -1, bandwidth: 10000, ack: 0 at 2.000299999999797
DBA Assigner - (n/a): this ONU hasn't a DBA
DBA Assigner - (n/a): Assigning DBA
Digital Unit - (n/a) returned Request - id: 1, id_sender: 1, freq: -1, bandwidth: 10000, ack: 0 from execute functions at 2.000299999999797
Digital Unit - (n/a) is using VM DBA IPACT - freq: 0, free_time: 1.0006199999999064 on Request - id: 1, id_sender: 1, freq: -1, bandwidth: 10000, ack: 0 at 2.000299999999797
Receiving Request - id: 1, id_sender: 1, freq: -1, bandwidth: 10000, ack: 0 at 2.000299999999797
DBA IPACT - freq: 0, free_time: 1.0006199999999064 has no bandwidth at 2.000299999999797
DBA IPACT - freq: 0, free_time: 1.0006199999999064 is activating a more local node at 2.000299999999797
Digital Unit - (n/a) returned None from execute functions at 2.000299999999797
Antenna - id: 2 picked Packet - id: 2, src: 2, init_time: 3 at 3
Antenna - id: 2 delivering Packet - id: 2, src: 2, init_time: 3 to ONU - id: 1 at 3
Antenna - id: 2 delivered at 3.000043333333333
ONU - id: 1 receveid pkt Packet - id: 2, src: 2, init_time: 3 at 3.000043333333333
ONU - id: 1 is generating a request at 3.000043333333333
ONU - id: 1 is sending a request at 3.0001000000019067
ONU - id: 1 finished sending (upstream) pkt at 3.00018333333524
Splitter - (n/a) receveid pkt Request - id: 2, id_sender: 1, freq: -1, bandwidth: 15000, ack: 0 at 3.00018333333524
Splitter - (n/a) finished sending pkt Request - id: 2, id_sender: 1, freq: -1, bandwidth: 15000, ack: 0 at 3.000210000001907
Processing Node - id: 1 receveid pkt Request - id: 2, id_sender: 1, freq: -1, bandwidth: 15000, ack: 0 at 3.000210000001907
Processing Node - id: 1 is sending Request - id: 2, id_sender: 1, freq: -1, bandwidth: 15000, ack: 0 to LCs at 3.000300000001907
LineCard - freq: -1 is pushing Request - id: 2, id_sender: 1, freq: -1, bandwidth: 15000, ack: 0 to a DU at 3.000300000001907
Digital Unit - (n/a) will execute functions at 3.000300000001907
Digital Unit - (n/a) is using VM DBA Assigner - (n/a) on Request - id: 2, id_sender: 1, freq: -1, bandwidth: 15000, ack: 0 at 3.000300000001907
DBA Assigner - (n/a) received Request - id: 2, id_sender: 1, freq: -1, bandwidth: 15000, ack: 0 at 3.000300000001907
DBA Assigner - (n/a): this ONU has already a DBA
Digital Unit - (n/a) returned Request - id: 2, id_sender: 1, freq: -1, bandwidth: 15000, ack: 0 from execute functions at 3.000300000001907
Digital Unit - (n/a) is using VM DBA IPACT - freq: 0, free_time: 1.0006199999999064 on Request - id: 2, id_sender: 1, freq: -1, bandwidth: 15000, ack: 0 at 3.000300000001907
Receiving Request - id: 2, id_sender: 1, freq: -1, bandwidth: 15000, ack: 0 at 3.000300000001907
DBA IPACT - freq: 0, free_time: 1.0006199999999064 has no bandwidth at 3.000300000001907
Digital Unit - (n/a) returned None from execute functions at 3.000300000001907
Antenna - id: 2 picked Packet - id: 3, src: 2, init_time: 4 at 4
Antenna - id: 2 delivering Packet - id: 3, src: 2, init_time: 4 to ONU - id: 1 at 4
Antenna - id: 2 delivered at 4.000043333333333
ONU - id: 1 receveid pkt Packet - id: 3, src: 2, init_time: 4 at 4.000043333333333
ONU - id: 1 is generating a request at 4.000043333333333
ONU - id: 1 is sending a request at 4.000100000004016
ONU - id: 1 finished sending (upstream) pkt at 4.0001833333373495
Splitter - (n/a) receveid pkt Request - id: 3, id_sender: 1, freq: -1, bandwidth: 20000, ack: 0 at 4.0001833333373495
Splitter - (n/a) finished sending pkt Request - id: 3, id_sender: 1, freq: -1, bandwidth: 20000, ack: 0 at 4.000210000004016
Processing Node - id: 1 receveid pkt Request - id: 3, id_sender: 1, freq: -1, bandwidth: 20000, ack: 0 at 4.000210000004016
Processing Node - id: 1 is sending Request - id: 3, id_sender: 1, freq: -1, bandwidth: 20000, ack: 0 to LCs at 4.000300000004016
LineCard - freq: -1 is pushing Request - id: 3, id_sender: 1, freq: -1, bandwidth: 20000, ack: 0 to a DU at 4.000300000004016
Digital Unit - (n/a) will execute functions at 4.000300000004016
Digital Unit - (n/a) is using VM DBA Assigner - (n/a) on Request - id: 3, id_sender: 1, freq: -1, bandwidth: 20000, ack: 0 at 4.000300000004016
DBA Assigner - (n/a) received Request - id: 3, id_sender: 1, freq: -1, bandwidth: 20000, ack: 0 at 4.000300000004016
DBA Assigner - (n/a): this ONU has already a DBA
Digital Unit - (n/a) returned Request - id: 3, id_sender: 1, freq: -1, bandwidth: 20000, ack: 0 from execute functions at 4.000300000004016
Digital Unit - (n/a) is using VM DBA IPACT - freq: 0, free_time: 1.0006199999999064 on Request - id: 3, id_sender: 1, freq: -1, bandwidth: 20000, ack: 0 at 4.000300000004016
Receiving Request - id: 3, id_sender: 1, freq: -1, bandwidth: 20000, ack: 0 at 4.000300000004016
DBA IPACT - freq: 0, free_time: 1.0006199999999064 has no bandwidth at 4.000300000004016
Digital Unit - (n/a) returned None from execute functions at 4.000300000004016
End.
